-- The C compiler identification is GNU 14.2.0
-- The CXX compiler identification is GNU 14.2.0
-- Detecting C compiler ABI info
-- Detecting C compiler ABI info - done
-- Check for working C compiler: /usr/bin/cc - skipped
-- Detecting C compile features
-- Detecting C compile features - done
-- Detecting CXX compiler ABI info
-- Detecting CXX compiler ABI info - done
-- Check for working CXX compiler: /usr/bin/c++ - skipped
-- Detecting CXX compile features
-- Detecting CXX compile features - done
-- Found ament_cmake: 2.5.3 (/opt/ros/jazzy/share/ament_cmake/cmake)
-- Found Python3: /usr/bin/python3 (found version "3.12.7") found components: Interpreter
-- Found rclcpp: 28.1.6 (/opt/ros/jazzy/share/rclcpp/cmake)
-- Found rosidl_generator_c: 4.6.5 (/opt/ros/jazzy/share/rosidl_generator_c/cmake)
-- Found rosidl_generator_cpp: 4.6.5 (/opt/ros/jazzy/share/rosidl_generator_cpp/cmake)
-- Using all available rosidl_typesupport_c: rosidl_typesupport_fastrtps_c;rosidl_typesupport_introspection_c
-- Using all available rosidl_typesupport_cpp: rosidl_typesupport_fastrtps_cpp;rosidl_typesupport_introspection_cpp
-- Found rmw_implementation_cmake: 7.3.1 (/opt/ros/jazzy/share/rmw_implementation_cmake/cmake)
-- Found rmw_fastrtps_cpp: 8.4.1 (/opt/ros/jazzy/share/rmw_fastrtps_cpp/cmake)
-- Found OpenSSL: /usr/lib/x86_64-linux-gnu/libcrypto.so (found version "3.3.1")
-- Found FastRTPS: /opt/ros/jazzy/include (Required is at least version "2.13")
-- Using RMW implementation 'rmw_fastrtps_cpp' as default
-- Found geometry_msgs: 5.3.5 (/opt/ros/jazzy/share/geometry_msgs/cmake)
-- Configuring done (1.5s)
-- Generating done (0.0s)
-- Build files have been written to: /home/aniket-subudhi/ros2_ws/build/turtle_circle
[ 50%] [32mBuilding CXX object CMakeFiles/turtle_circle_node.dir/src/turtle_circle_node.cpp.o[0m
[100%] [32m[1mLinking CXX executable turtle_circle_node[0m
[100%] Built target turtle_circle_node
-- Install configuration: ""
-- Installing: /home/aniket-subudhi/ros2_ws/install/turtle_circle/lib/turtle_circle/turtle_circle_node
-- Set non-toolchain portion of runtime path of "/home/aniket-subudhi/ros2_ws/install/turtle_circle/lib/turtle_circle/turtle_circle_node" to ""
-- Installing: /home/aniket-subudhi/ros2_ws/install/turtle_circle/share/ament_index/resource_index/package_run_dependencies/turtle_circle
-- Installing: /home/aniket-subudhi/ros2_ws/install/turtle_circle/share/ament_index/resource_index/parent_prefix_path/turtle_circle
-- Installing: /home/aniket-subudhi/ros2_ws/install/turtle_circle/share/turtle_circle/environment/ament_prefix_path.sh
-- Installing: /home/aniket-subudhi/ros2_ws/install/turtle_circle/share/turtle_circle/environment/ament_prefix_path.dsv
-- Installing: /home/aniket-subudhi/ros2_ws/install/turtle_circle/share/turtle_circle/environment/path.sh
-- Installing: /home/aniket-subudhi/ros2_ws/install/turtle_circle/share/turtle_circle/environment/path.dsv
-- Installing: /home/aniket-subudhi/ros2_ws/install/turtle_circle/share/turtle_circle/local_setup.bash
-- Installing: /home/aniket-subudhi/ros2_ws/install/turtle_circle/share/turtle_circle/local_setup.sh
-- Installing: /home/aniket-subudhi/ros2_ws/install/turtle_circle/share/turtle_circle/local_setup.zsh
-- Installing: /home/aniket-subudhi/ros2_ws/install/turtle_circle/share/turtle_circle/local_setup.dsv
-- Installing: /home/aniket-subudhi/ros2_ws/install/turtle_circle/share/turtle_circle/package.dsv
-- Installing: /home/aniket-subudhi/ros2_ws/install/turtle_circle/share/ament_index/resource_index/packages/turtle_circle
-- Installing: /home/aniket-subudhi/ros2_ws/install/turtle_circle/share/turtle_circle/cmake/turtle_circleConfig.cmake
-- Installing: /home/aniket-subudhi/ros2_ws/install/turtle_circle/share/turtle_circle/cmake/turtle_circleConfig-version.cmake
-- Installing: /home/aniket-subudhi/ros2_ws/install/turtle_circle/share/turtle_circle/package.xml
