[0.012s] Invoking command in '/home/aniket-subudhi/ros2_ws/build/turtle_circle': CMAKE_PREFIX_PATH=${CMAKE_PREFIX_PATH}:/opt/ros/jazzy /usr/bin/cmake /home/aniket-subudhi/ros2_ws/src/turtle_circle -DCMAKE_INSTALL_PREFIX=/home/aniket-subudhi/ros2_ws/install/turtle_circle
[0.104s] -- The C compiler identification is GNU 14.2.0
[0.188s] -- The CXX compiler identification is GNU 14.2.0
[0.206s] -- Detecting C compiler ABI info
[0.328s] -- Detecting C compiler ABI info - done
[0.352s] -- Check for working C compiler: /usr/bin/cc - skipped
[0.353s] -- Detecting C compile features
[0.353s] -- Detecting C compile features - done
[0.359s] -- Detecting CXX compiler ABI info
[0.488s] -- Detecting CXX compiler ABI info - done
[0.516s] -- Check for working CXX compiler: /usr/bin/c++ - skipped
[0.516s] -- Detecting CXX compile features
[0.517s] -- Detecting CXX compile features - done
[0.521s] -- Found ament_cmake: 2.5.3 (/opt/ros/jazzy/share/ament_cmake/cmake)
[0.714s] -- Found Python3: /usr/bin/python3 (found version "3.12.7") found components: Interpreter
[0.860s] -- Found rclcpp: 28.1.6 (/opt/ros/jazzy/share/rclcpp/cmake)
[0.911s] -- Found rosidl_generator_c: 4.6.5 (/opt/ros/jazzy/share/rosidl_generator_c/cmake)
[0.927s] -- Found rosidl_generator_cpp: 4.6.5 (/opt/ros/jazzy/share/rosidl_generator_cpp/cmake)
[0.946s] -- Using all available rosidl_typesupport_c: rosidl_typesupport_fastrtps_c;rosidl_typesupport_introspection_c
[0.966s] -- Using all available rosidl_typesupport_cpp: rosidl_typesupport_fastrtps_cpp;rosidl_typesupport_introspection_cpp
[1.055s] -- Found rmw_implementation_cmake: 7.3.1 (/opt/ros/jazzy/share/rmw_implementation_cmake/cmake)
[1.058s] -- Found rmw_fastrtps_cpp: 8.4.1 (/opt/ros/jazzy/share/rmw_fastrtps_cpp/cmake)
[1.185s] -- Found OpenSSL: /usr/lib/x86_64-linux-gnu/libcrypto.so (found version "3.3.1")
[1.222s] -- Found FastRTPS: /opt/ros/jazzy/include (Required is at least version "2.13")
[1.260s] -- Using RMW implementation 'rmw_fastrtps_cpp' as default
[1.356s] -- Found geometry_msgs: 5.3.5 (/opt/ros/jazzy/share/geometry_msgs/cmake)
[1.529s] -- Configuring done (1.5s)
[1.546s] -- Generating done (0.0s)
[1.549s] -- Build files have been written to: /home/aniket-subudhi/ros2_ws/build/turtle_circle
[1.563s] Invoked command in '/home/aniket-subudhi/ros2_ws/build/turtle_circle' returned '0': CMAKE_PREFIX_PATH=${CMAKE_PREFIX_PATH}:/opt/ros/jazzy /usr/bin/cmake /home/aniket-subudhi/ros2_ws/src/turtle_circle -DCMAKE_INSTALL_PREFIX=/home/aniket-subudhi/ros2_ws/install/turtle_circle
[1.564s] Invoking command in '/home/aniket-subudhi/ros2_ws/build/turtle_circle': CMAKE_PREFIX_PATH=${CMAKE_PREFIX_PATH}:/opt/ros/jazzy /usr/bin/cmake --build /home/aniket-subudhi/ros2_ws/build/turtle_circle -- -j16 -l16
[1.635s] [ 50%] [32mBuilding CXX object CMakeFiles/turtle_circle_node.dir/src/turtle_circle_node.cpp.o[0m
[7.531s] [100%] [32m[1mLinking CXX executable turtle_circle_node[0m
[7.769s] [100%] Built target turtle_circle_node
[7.783s] Invoked command in '/home/aniket-subudhi/ros2_ws/build/turtle_circle' returned '0': CMAKE_PREFIX_PATH=${CMAKE_PREFIX_PATH}:/opt/ros/jazzy /usr/bin/cmake --build /home/aniket-subudhi/ros2_ws/build/turtle_circle -- -j16 -l16
[7.794s] Invoking command in '/home/aniket-subudhi/ros2_ws/build/turtle_circle': CMAKE_PREFIX_PATH=${CMAKE_PREFIX_PATH}:/opt/ros/jazzy /usr/bin/cmake --install /home/aniket-subudhi/ros2_ws/build/turtle_circle
[7.805s] -- Install configuration: ""
[7.805s] -- Installing: /home/aniket-subudhi/ros2_ws/install/turtle_circle/lib/turtle_circle/turtle_circle_node
[7.807s] -- Set non-toolchain portion of runtime path of "/home/aniket-subudhi/ros2_ws/install/turtle_circle/lib/turtle_circle/turtle_circle_node" to ""
[7.807s] -- Installing: /home/aniket-subudhi/ros2_ws/install/turtle_circle/share/ament_index/resource_index/package_run_dependencies/turtle_circle
[7.807s] -- Installing: /home/aniket-subudhi/ros2_ws/install/turtle_circle/share/ament_index/resource_index/parent_prefix_path/turtle_circle
[7.808s] -- Installing: /home/aniket-subudhi/ros2_ws/install/turtle_circle/share/turtle_circle/environment/ament_prefix_path.sh
[7.808s] -- Installing: /home/aniket-subudhi/ros2_ws/install/turtle_circle/share/turtle_circle/environment/ament_prefix_path.dsv
[7.808s] -- Installing: /home/aniket-subudhi/ros2_ws/install/turtle_circle/share/turtle_circle/environment/path.sh
[7.808s] -- Installing: /home/aniket-subudhi/ros2_ws/install/turtle_circle/share/turtle_circle/environment/path.dsv
[7.808s] -- Installing: /home/aniket-subudhi/ros2_ws/install/turtle_circle/share/turtle_circle/local_setup.bash
[7.809s] -- Installing: /home/aniket-subudhi/ros2_ws/install/turtle_circle/share/turtle_circle/local_setup.sh
[7.809s] -- Installing: /home/aniket-subudhi/ros2_ws/install/turtle_circle/share/turtle_circle/local_setup.zsh
[7.809s] -- Installing: /home/aniket-subudhi/ros2_ws/install/turtle_circle/share/turtle_circle/local_setup.dsv
[7.809s] -- Installing: /home/aniket-subudhi/ros2_ws/install/turtle_circle/share/turtle_circle/package.dsv
[7.809s] -- Installing: /home/aniket-subudhi/ros2_ws/install/turtle_circle/share/ament_index/resource_index/packages/turtle_circle
[7.809s] -- Installing: /home/aniket-subudhi/ros2_ws/install/turtle_circle/share/turtle_circle/cmake/turtle_circleConfig.cmake
[7.809s] -- Installing: /home/aniket-subudhi/ros2_ws/install/turtle_circle/share/turtle_circle/cmake/turtle_circleConfig-version.cmake
[7.809s] -- Installing: /home/aniket-subudhi/ros2_ws/install/turtle_circle/share/turtle_circle/package.xml
[7.811s] Invoked command in '/home/aniket-subudhi/ros2_ws/build/turtle_circle' returned '0': CMAKE_PREFIX_PATH=${CMAKE_PREFIX_PATH}:/opt/ros/jazzy /usr/bin/cmake --install /home/aniket-subudhi/ros2_ws/build/turtle_circle
